<?xml version="1.0" encoding="UTF-8"?>
<!-- Generated by org.testng.reporters.JUnitReportReporter -->
<testsuite hostname="DESKTOP-3R0RSV9" failures="1" tests="17" name="sc.testSuite.POShipmentTestCases" time="0.627" errors="0" timestamp="2023-09-28T17:34:18 IST" skipped="16">
  <testcase classname="sc.testSuite.POShipmentTestCases" name="TC_0056_createShipmentWithCasePackedAndSPD" time="0.000">
    <skipped/>
  </testcase> <!-- TC_0056_createShipmentWithCasePackedAndSPD -->
  <system-out/>
  <testcase classname="sc.testSuite.POShipmentTestCases" name="setUp" time="0.627">
    <failure message="Exception occured while invoking browser, Exception message:Could not start a new session. Possible causes are invalid address of the remote server or browser start-up failure." type="java.lang.AssertionError">
      <![CDATA[java.lang.AssertionError: Exception occured while invoking browser, Exception message:Could not start a new session. Possible causes are invalid address of the remote server or browser start-up failure.
at org.testng.Assert.fail(Assert.java:99)
at sc.utilities.BaseSetup.setUp(BaseSetup.java:114)
at java.base/jdk.internal.reflect.NativeMethodAccessorImpl.invoke0(Native Method)
at java.base/jdk.internal.reflect.NativeMethodAccessorImpl.invoke(NativeMethodAccessorImpl.java:77)
at java.base/jdk.internal.reflect.DelegatingMethodAccessorImpl.invoke(DelegatingMethodAccessorImpl.java:43)
at java.base/java.lang.reflect.Method.invoke(Method.java:568)
at org.testng.internal.MethodInvocationHelper.invokeMethod(MethodInvocationHelper.java:132)
at org.testng.internal.MethodInvocationHelper.invokeMethodConsideringTimeout(MethodInvocationHelper.java:61)
at org.testng.internal.ConfigInvoker.invokeConfigurationMethod(ConfigInvoker.java:366)
at org.testng.internal.ConfigInvoker.invokeConfigurations(ConfigInvoker.java:320)
at org.testng.internal.TestMethodWorker.invokeBeforeClassMethods(TestMethodWorker.java:176)
at org.testng.internal.TestMethodWorker.run(TestMethodWorker.java:122)
at java.base/java.util.ArrayList.forEach(ArrayList.java:1511)
at org.testng.TestRunner.privateRun(TestRunner.java:764)
at org.testng.TestRunner.run(TestRunner.java:585)
at org.testng.SuiteRunner.runTest(SuiteRunner.java:384)
at org.testng.SuiteRunner.runSequentially(SuiteRunner.java:378)
at org.testng.SuiteRunner.privateRun(SuiteRunner.java:337)
at org.testng.SuiteRunner.run(SuiteRunner.java:286)
at org.testng.SuiteRunnerWorker.runSuite(SuiteRunnerWorker.java:53)
at org.testng.SuiteRunnerWorker.run(SuiteRunnerWorker.java:96)
at org.testng.TestNG.runSuitesSequentially(TestNG.java:1218)
at org.testng.TestNG.runSuitesLocally(TestNG.java:1140)
at org.testng.TestNG.runSuites(TestNG.java:1069)
at org.testng.TestNG.run(TestNG.java:1037)
at org.testng.remote.AbstractRemoteTestNG.run(AbstractRemoteTestNG.java:115)
at org.testng.remote.RemoteTestNG.initAndRun(RemoteTestNG.java:251)
at org.testng.remote.RemoteTestNG.main(RemoteTestNG.java:77)
]]>
    </failure>
  </testcase> <!-- setUp -->
  <system-out/>
  <testcase classname="sc.testSuite.POShipmentTestCases" name="TC_0059_createShipmentWithIndvidualAndLTL" time="0.000">
    <skipped/>
  </testcase> <!-- TC_0059_createShipmentWithIndvidualAndLTL -->
  <system-out/>
  <testcase classname="sc.testSuite.POShipmentTestCases" name="TC_0060_addItemsToTheShipmentAndVerify" time="0.000">
    <skipped/>
  </testcase> <!-- TC_0060_addItemsToTheShipmentAndVerify -->
  <system-out/>
  <testcase classname="sc.testSuite.POShipmentTestCases" name="TC_0066_verifyTheInvoiceCSCost" time="0.000">
    <skipped/>
  </testcase> <!-- TC_0066_verifyTheInvoiceCSCost -->
  <system-out/>
  <testcase classname="sc.testSuite.POShipmentTestCases" name="TC_0067_submitPlanAndVerifyThatAmazonshipmentIsCreatedWithoutOptimization" time="0.000">
    <skipped/>
  </testcase> <!-- TC_0067_submitPlanAndVerifyThatAmazonshipmentIsCreatedWithoutOptimization -->
  <system-out/>
  <testcase classname="sc.testSuite.POShipmentTestCases" name="TC_0068_submitPlanAndVerifyThatAmazonshipmentIsCreatedWithOptimization" time="0.000">
    <skipped/>
  </testcase> <!-- TC_0068_submitPlanAndVerifyThatAmazonshipmentIsCreatedWithOptimization -->
  <system-out/>
  <testcase classname="sc.testSuite.POShipmentTestCases" name="TC_0055_verifyShipmentSection" time="0.000">
    <skipped/>
  </testcase> <!-- TC_0055_verifyShipmentSection -->
  <system-out/>
  <testcase classname="sc.testSuite.POShipmentTestCases" name="TC_0064_verifyTheInvoiceEAValue" time="0.000">
    <skipped/>
  </testcase> <!-- TC_0064_verifyTheInvoiceEAValue -->
  <system-out/>
  <testcase classname="sc.testSuite.POShipmentTestCases" name="TC_0066_verifyTheInvoiceEACost" time="0.000">
    <skipped/>
  </testcase> <!-- TC_0066_verifyTheInvoiceEACost -->
  <system-out/>
  <testcase classname="sc.testSuite.POShipmentTestCases" name="TC_0062_verifyTheSuggestedASINQuantityValue" time="0.000">
    <skipped/>
  </testcase> <!-- TC_0062_verifyTheSuggestedASINQuantityValue -->
  <system-out/>
  <testcase classname="sc.testSuite.POShipmentTestCases" name="TC_0057_createShipmentWithCasePackedAndLTL" time="0.000">
    <skipped/>
  </testcase> <!-- TC_0057_createShipmentWithCasePackedAndLTL -->
  <system-out/>
  <testcase classname="sc.testSuite.POShipmentTestCases" name="TC_0058_createShipmentWithIndividualAndSPD" time="0.000">
    <skipped/>
  </testcase> <!-- TC_0058_createShipmentWithIndividualAndSPD -->
  <system-out/>
  <testcase classname="sc.testSuite.POShipmentTestCases" name="TC_0065_verifyTheReceivedCSValue" time="0.000">
    <skipped/>
  </testcase> <!-- TC_0065_verifyTheReceivedCSValue -->
  <system-out/>
  <testcase classname="sc.testSuite.POShipmentTestCases" name="TC_0063_verifyTheInvoiceCSValue" time="0.000">
    <skipped/>
  </testcase> <!-- TC_0063_verifyTheInvoiceCSValue -->
  <system-out/>
  <testcase classname="sc.testSuite.POShipmentTestCases" name="TC_0061_verifyTheAddedUnitsValue" time="0.000">
    <skipped/>
  </testcase> <!-- TC_0061_verifyTheAddedUnitsValue -->
  <system-out/>
  <testcase classname="sc.testSuite.POShipmentTestCases" name="TC_0066_verifyTheReceivedEAValue" time="0.000">
    <skipped/>
  </testcase> <!-- TC_0066_verifyTheReceivedEAValue -->
  <system-out/>
</testsuite> <!-- sc.testSuite.POShipmentTestCases -->
